<?xml version="1.0" encoding="UTF-8"?>
<testng-results ignored="0" total="1" passed="1" failed="0" skipped="0">
  <reporter-output>
  </reporter-output>
  <suite started-at="2025-07-11T13:16:39 IST" name="Default suite" finished-at="2025-07-11T13:16:43 IST" duration-ms="4236">
    <groups>
    </groups>
    <test started-at="2025-07-11T13:16:39 IST" name="Default test" finished-at="2025-07-11T13:16:43 IST" duration-ms="4236">
      <class name="Session04.CheckForValidResponse">
        <test-method signature="GetsingleUser()[pri:0, instance:Session04.CheckForValidResponse@449a4f23]" started-at="2025-07-11T13:16:39 IST" name="GetsingleUser" finished-at="2025-07-11T13:16:43 IST" duration-ms="4114" status="PASS">
          <reporter-output>
          </reporter-output>
        </test-method> <!-- GetsingleUser -->
      </class> <!-- Session04.CheckForValidResponse -->
    </test> <!-- Default test -->
  </suite> <!-- Default suite -->
</testng-results>
